0 info it worked if it ends with ok
1 verbose cli [ '/usr/bin/node', '/usr/bin/npm', 'start' ]
2 info using npm@1.4.28
3 info using node@v0.10.36
4 verbose run-script [ 'prestart', 'start', 'poststart' ]
5 info prestart flapper-news@0.0.0
6 info start flapper-news@0.0.0
7 verbose unsafe-perm in lifecycle true
8 info flapper-news@0.0.0 Failed to exec start script
9 error flapper-news@0.0.0 start: `node ./bin/www`
9 error Exit status 8
10 error Failed at the flapper-news@0.0.0 start script.
10 error This is most likely a problem with the flapper-news package,
10 error not with npm itself.
10 error Tell the author that this fails on your system:
10 error     node ./bin/www
10 error You can get their info via:
10 error     npm owner ls flapper-news
10 error There is likely additional logging output above.
11 error System Linux 2.6.32-504.3.3.el6.x86_64
12 error command "/usr/bin/node" "/usr/bin/npm" "start"
13 error cwd /home/adminuser/workspace/MEAN-tutorial/original/sources/09-Opening_REST_Routes-results/flapper-news
14 error node -v v0.10.36
15 error npm -v 1.4.28
16 error code ELIFECYCLE
17 verbose exit [ 1, true ]
